********************************************************************************
DUPLICATOR-LITE PACKAGE-LOG: January 13, 2020 1:09 am
NOTICE: Do NOT post to public sites or forums 
********************************************************************************
VERSION:	1.3.24
WORDPRESS:	5.3.2
PHP INFO:	7.3.8 | SAPI: apache2handler
SERVER:		Apache/2.2.34 (Unix) mod_wsgi/3.5 Python/2.7.13 PHP/7.3.8 mod_ssl/2.2.34 OpenSSL/1.0.2o DAV/2 mod_fastcgi/mod_fastcgi-SNAP-0910052141 mod_perl/2.0.10 Perl/v5.24.0 
PHP TIME LIMIT: (0) no time limit imposed 
PHP MAX MEMORY: 4294967296 (128M default) 
MEMORY STACK: 4.5MB

********************************************************************************
DATABASE:
********************************************************************************
BUILD MODE:   MYSQLDUMP
MYSQLTIMEOUT: 5000
MYSQLDUMP:    Is Supported
SQL CREATED: 20200113_d10labs_15dc83e5b7c907715162_20200113010943_database.sql
SQL FILE SIZE: 301B (301)

==================================================================================
DUPLICATOR ERROR
Please try again! If the error persists see the Duplicator 'Help' menu.
---------------------------------------------------------------------------------
MESSAGE:
	SQL file size too low.
DETAILS:
	File does not look complete.  Check permission on file and parent directory at [/Applications/MAMP/htdocs/mysite/wp-snapshots/tmp/20200113_d10labs_15dc83e5b7c907715162_20200113010943_database.sql]
TRACE:
	 1. class.pack.database.php : Error (204)
	 2. class.pack.php : build (1233)
	 3. ctrl.package.php : runZipBuild (92)
	 4. class-wp-hook.php : duplicator_package_build (288)
	 5. class-wp-hook.php : apply_filters (312)
	 6. plugin.php : do_action (478)
	 7. admin-ajax.php : do_action (175)
==================================================================================

